<?xml version="1.0" encoding="UTF-8"?>
<testsuite xmlns:xsi="http://www.w3.org/2001/XMLSchema-instance" xsi:noNamespaceSchemaLocation="https://maven.apache.org/surefire/maven-surefire-plugin/xsd/surefire-test-report.xsd" name="org.jitsi.jibri.util.TailLogicTest" time="0.025" tests="7" errors="0" skipped="0" failures="0">
  <properties>
[...]
</properties>
  <testcase name="should equal an empty string" classname="org.jitsi.jibri.util.TailLogicTest" time="0.001"/>
  <testcase name="initially" classname="org.jitsi.jibri.util.TailLogicTest" time="0.002"/>
  <testcase name="should equal that line" classname="org.jitsi.jibri.util.TailLogicTest" time="0.002"/>
  <testcase name="after writing once" classname="org.jitsi.jibri.util.TailLogicTest" time="0.003"/>
  <testcase name="should equal the most recent line" classname="org.jitsi.jibri.util.TailLogicTest" time="0.002"/>
  <testcase name="after writing multiple times" classname="org.jitsi.jibri.util.TailLogicTest" time="0.003"/>
  <testcase name="mostRecentLine" classname="org.jitsi.jibri.util.TailLogicTest" time="0.003"/>
</testsuite>